<?xml version="1.0" encoding="UTF-8"?>
<!-- Generated by org.testng.reporters.JUnitXMLReporter -->
<testsuite hostname="raj-pc" name="Checking_Basics" tests="2" failures="1" timestamp="16 Mar 2019 12:18:58 GMT" time="10.911" errors="0">
  <testcase name="testngfirst" time="5.33" classname="learningTestingFramework.TestNGTC"/>
  <testcase name="testngSoftAssert" time="0.016" classname="learningTestingFramework.TestNGTC">
    <failure type="java.lang.AssertionError" message="The following asserts failed:
Browser Name mismatchS">
      <![CDATA[java.lang.AssertionError: The following asserts failed:
Browser Name mismatchS
	at learningTestingFramework.TestNGTC.testngSoftAssert(TestNGTC.java:119)
... Removed 25 stack frames]]>
    </failure>
  </testcase> <!-- testngSoftAssert -->
</testsuite> <!-- Checking_Basics -->
