<?xml version="1.0" encoding="UTF-8"?>
<!-- Generated by org.testng.reporters.JUnitXMLReporter -->
<testsuite hostname="raj-pc" name="Test" tests="2" failures="1" timestamp="16 Mar 2019 12:16:44 GMT" time="10.686" errors="0">
  <testcase name="testngfirst" time="5.09" classname="learningTestingFramework.TestNGTC"/>
  <testcase name="testngSoftAssert" time="0.023" classname="learningTestingFramework.TestNGTC">
    <failure type="java.lang.AssertionError" message="The following asserts failed:
Browser Name mismatchS">
      <![CDATA[java.lang.AssertionError: The following asserts failed:
Browser Name mismatchS
	at learningTestingFramework.TestNGTC.testngSoftAssert(TestNGTC.java:119)
... Removed 25 stack frames]]>
    </failure>
  </testcase> <!-- testngSoftAssert -->
</testsuite> <!-- Test -->
