<?xml version="1.0" encoding="UTF-8"?>
<testng-results skipped="0" failed="0" total="2" passed="2">
  <reporter-output>
  </reporter-output>
  <suite name="Default suite" duration-ms="14229" started-at="2019-05-08T20:02:17Z" finished-at="2019-05-08T20:02:31Z">
    <groups>
    </groups>
    <test name="Default test" duration-ms="14229" started-at="2019-05-08T20:02:17Z" finished-at="2019-05-08T20:02:31Z">
      <class name="learningTestingFramework.TestNGTC">
        <test-method status="PASS" signature="browserInvoke()[pri:0, instance:learningTestingFramework.TestNGTC@1fdc050]" name="browserInvoke" is-config="true" duration-ms="4417" started-at="2019-05-09T01:32:17Z" finished-at="2019-05-09T01:32:21Z">
          <reporter-output>
          </reporter-output>
        </test-method> <!-- browserInvoke -->
        <test-method status="PASS" signature="testngfirst()[pri:0, instance:learningTestingFramework.TestNGTC@1fdc050]" name="testngfirst" duration-ms="8352" started-at="2019-05-09T01:32:21Z" finished-at="2019-05-09T01:32:30Z">
          <reporter-output>
          </reporter-output>
        </test-method> <!-- testngfirst -->
        <test-method status="PASS" signature="testngSoftAssert()[pri:0, instance:learningTestingFramework.TestNGTC@1fdc050]" name="testngSoftAssert" duration-ms="415" started-at="2019-05-09T01:32:30Z" finished-at="2019-05-09T01:32:30Z">
          <reporter-output>
          </reporter-output>
        </test-method> <!-- testngSoftAssert -->
        <test-method status="PASS" signature="browserClose()[pri:0, instance:learningTestingFramework.TestNGTC@1fdc050]" name="browserClose" is-config="true" duration-ms="1021" started-at="2019-05-09T01:32:30Z" finished-at="2019-05-09T01:32:31Z">
          <reporter-output>
          </reporter-output>
        </test-method> <!-- browserClose -->
      </class> <!-- learningTestingFramework.TestNGTC -->
    </test> <!-- Default test -->
  </suite> <!-- Default suite -->
</testng-results>
